<?xml version="1.0" encoding="UTF-8"?>
<!-- Generated by org.testng.reporters.JUnitReportReporter -->
<testsuite hostname="TejaswiKalawatia-MacBook.local" name="DataProvidersTestNG" tests="2" failures="0" timestamp="26 Oct 2017 13:01:44 GMT" time="0.021" errors="0">
  <testcase name="computeSum" time="0.021" classname="DataProvidersTestNG"/>
  <testcase name="computeSum" time="0.000" classname="DataProvidersTestNG"/>
</testsuite> <!-- DataProvidersTestNG -->
