<?xml version="1.0" encoding="UTF-8"?>
<!-- Generated by org.testng.reporters.JUnitReportReporter -->
<testsuite hostname="TejaswiKalawatia-MacBook.local" name="log4jsample.LogSampleEntry" tests="1" failures="0" timestamp="31 Oct 2017 12:56:31 GMT" time="0.240" errors="0">
  <testcase name="writeIntoLogger" time="0.240" classname="log4jsample.LogSampleEntry"/>
</testsuite> <!-- log4jsample.LogSampleEntry -->
