<?xml version="1.0" encoding="UTF-8"?>
<!-- Generated by org.testng.reporters.JUnitReportReporter -->
<testsuite hostname="TejaswiKalawatia-MacBook.local" name="PracticeGroupingNG" tests="2" failures="0" timestamp="24 Oct 2017 13:37:46 GMT" time="0.050" errors="0">
  <testcase name="CarTest1" time="0.044" classname="PracticeGroupingNG"/>
  <testcase name="SedanCarTest1" time="0.006" classname="PracticeGroupingNG"/>
</testsuite> <!-- PracticeGroupingNG -->
