<?xml version="1.0" encoding="UTF-8"?>
<!-- Generated by org.testng.reporters.JUnitReportReporter -->
<testsuite hostname="TejaswiKalawatia-MacBook.local" name="AssertTestNG" tests="1" failures="0" timestamp="24 Oct 2017 14:13:40 GMT" time="0.021" errors="0">
  <testcase name="testAssertStatements" time="0.021" classname="AssertTestNG"/>
</testsuite> <!-- AssertTestNG -->
