<?xml version="1.0" encoding="UTF-8"?>
<!-- Generated by org.testng.reporters.JUnitReportReporter -->
<testsuite hostname="TejaswiKalawatia-MacBook.local" name="DependentTest" tests="3" failures="0" timestamp="24 Oct 2017 13:55:04 GMT" time="0.023" errors="0">
  <testcase name="CloseBrowser" time="0.001" classname="DependentTest"/>
  <testcase name="OpenBrowser" time="0.021" classname="DependentTest"/>
  <testcase name="SignInToApp" time="0.001" classname="DependentTest"/>
</testsuite> <!-- DependentTest -->
