<?xml version="1.0" encoding="UTF-8"?>
<!-- Generated by org.testng.reporters.JUnitReportReporter -->
<testsuite hostname="TejaswiKalawatia-MacBook.local" name="UsingAnnotations" tests="2" failures="0" timestamp="24 Oct 2017 12:50:09 GMT" time="0.023" errors="0">
  <testcase name="SecondTest2" time="0.019" classname="UsingAnnotations"/>
  <testcase name="SecondTest1" time="0.004" classname="UsingAnnotations"/>
</testsuite> <!-- UsingAnnotations -->
