<?xml version="1.0" encoding="UTF-8"?>
<!-- Generated by org.testng.reporters.JUnitReportReporter -->
<testsuite hostname="TejaswiKalawatia-MacBook.local" name="FirstTestNG" tests="1" failures="0" timestamp="26 Oct 2017 12:51:55 GMT" time="0.012" errors="0">
  <testcase name="doingThis" time="0.012" classname="FirstTestNG"/>
</testsuite> <!-- FirstTestNG -->
