<?xml version="1.0" encoding="UTF-8"?>
<!-- Generated by org.testng.reporters.JUnitReportReporter -->
<testsuite hostname="TejaswiKalawatia-MacBook.local" name="PriorityAndSequencing" tests="4" failures="0" timestamp="1 Nov 2017 12:37:48 GMT" time="0.154" errors="0">
  <testcase name="feedExceptionIntoLogs" time="0.001" classname="PriorityAndSequencing"/>
  <testcase name="priorityZero" time="0.152" classname="PriorityAndSequencing"/>
  <testcase name="priorityOneFalse" time="0.001" classname="PriorityAndSequencing"/>
  <testcase name="priorityTwo" time="0.000" classname="PriorityAndSequencing"/>
</testsuite> <!-- PriorityAndSequencing -->
