<?xml version="1.0" encoding="UTF-8"?>
<!-- Generated by org.testng.reporters.JUnitReportReporter -->
<testsuite hostname="TejaswiKalawatia-MacBook.local" name="PassingParametersFromTestNG" tests="1" failures="0" timestamp="24 Oct 2017 14:25:07 GMT" time="0.026" errors="0">
  <testcase name="usingParametersToCompute" time="0.026" classname="PassingParametersFromTestNG"/>
</testsuite> <!-- PassingParametersFromTestNG -->
